[5.862s] Invoking command in '/workspaces/ros2/ros2_ws/build/turtlesim': CMAKE_PREFIX_PATH=${CMAKE_PREFIX_PATH}:/workspaces/ros2/ros2_ws/install/py_srvcli:/workspaces/ros2/ros2_ws/install/py_pubsub:/workspaces/ros2/ros2_ws/install/my_robot_controller:/workspaces/ros2/ros2_ws/install/my_package:/opt/ros/humble /usr/bin/cmake /workspaces/ros2/ros2_ws/src/ros_tutorials/turtlesim -DAMENT_CMAKE_SYMLINK_INSTALL=1 -DCMAKE_INSTALL_PREFIX=/workspaces/ros2/ros2_ws/install/turtlesim
[5.977s] -- Found ament_cmake: 1.3.8 (/opt/ros/humble/share/ament_cmake/cmake)
[7.121s] -- Override CMake install command with custom implementation using symlinks instead of copying resources
[7.195s] -- Found ament_index_cpp: 1.4.0 (/opt/ros/humble/share/ament_index_cpp/cmake)
[7.196s] -- Found geometry_msgs: 4.2.3 (/opt/ros/humble/share/geometry_msgs/cmake)
[7.242s] -- Found rosidl_generator_c: 3.1.5 (/opt/ros/humble/share/rosidl_generator_c/cmake)
[7.244s] -- Found rosidl_adapter: 3.1.5 (/opt/ros/humble/share/rosidl_adapter/cmake)
[7.249s] -- Found rosidl_generator_cpp: 3.1.5 (/opt/ros/humble/share/rosidl_generator_cpp/cmake)
[7.268s] -- Using all available rosidl_typesupport_c: rosidl_typesupport_fastrtps_c;rosidl_typesupport_introspection_c
[7.292s] -- Using all available rosidl_typesupport_cpp: rosidl_typesupport_fastrtps_cpp;rosidl_typesupport_introspection_cpp
[7.421s] -- Found rclcpp: 16.0.8 (/opt/ros/humble/share/rclcpp/cmake)
[7.470s] -- Found rmw_implementation_cmake: 6.1.1 (/opt/ros/humble/share/rmw_implementation_cmake/cmake)
[7.481s] -- Found rmw_fastrtps_cpp: 6.2.6 (/opt/ros/humble/share/rmw_fastrtps_cpp/cmake)
[8.194s] -- Using RMW implementation 'rmw_fastrtps_cpp' as default
[8.302s] -- Found rclcpp_action: 16.0.8 (/opt/ros/humble/share/rclcpp_action/cmake)
[8.379s] -- Found rosidl_default_generators: 1.2.0 (/opt/ros/humble/share/rosidl_default_generators/cmake)
[8.417s] -- Found std_srvs: 4.2.3 (/opt/ros/humble/share/std_srvs/cmake)
[11.558s] -- Found ament_cmake_ros: 0.10.0 (/opt/ros/humble/share/ament_cmake_ros/cmake)
[15.226s] -- Using all available rosidl_typesupport_c: rosidl_typesupport_fastrtps_c;rosidl_typesupport_introspection_c
[16.665s] -- Using all available rosidl_typesupport_cpp: rosidl_typesupport_fastrtps_cpp;rosidl_typesupport_introspection_cpp
[16.928s] -- Found python_cmake_module: 0.10.0 (/opt/ros/humble/share/python_cmake_module/cmake)
[17.191s] -- Using PYTHON_EXECUTABLE: /usr/bin/python3
[17.192s] -- Using PYTHON_INCLUDE_DIRS: /usr/include/python3.10
[17.193s] -- Using PYTHON_LIBRARIES: /usr/lib/x86_64-linux-gnu/libpython3.10.so
[18.019s] -- Configuring done
[20.077s] -- Generating done
[20.269s] -- Build files have been written to: /workspaces/ros2/ros2_ws/build/turtlesim
[20.278s] Invoked command in '/workspaces/ros2/ros2_ws/build/turtlesim' returned '0': CMAKE_PREFIX_PATH=${CMAKE_PREFIX_PATH}:/workspaces/ros2/ros2_ws/install/py_srvcli:/workspaces/ros2/ros2_ws/install/py_pubsub:/workspaces/ros2/ros2_ws/install/my_robot_controller:/workspaces/ros2/ros2_ws/install/my_package:/opt/ros/humble /usr/bin/cmake /workspaces/ros2/ros2_ws/src/ros_tutorials/turtlesim -DAMENT_CMAKE_SYMLINK_INSTALL=1 -DCMAKE_INSTALL_PREFIX=/workspaces/ros2/ros2_ws/install/turtlesim
[20.287s] Invoking command in '/workspaces/ros2/ros2_ws/build/turtlesim': CMAKE_PREFIX_PATH=${CMAKE_PREFIX_PATH}:/workspaces/ros2/ros2_ws/install/py_srvcli:/workspaces/ros2/ros2_ws/install/py_pubsub:/workspaces/ros2/ros2_ws/install/my_robot_controller:/workspaces/ros2/ros2_ws/install/my_package:/opt/ros/humble /usr/bin/cmake --build /workspaces/ros2/ros2_ws/build/turtlesim -- -j16 -l16
[20.766s] failed to create symbolic link '/workspaces/ros2/ros2_ws/build/turtlesim/ament_cmake_python/turtlesim/turtlesim' because existing path cannot be removed: Is a directory
[20.766s] gmake[2]: *** [CMakeFiles/ament_cmake_python_symlink_turtlesim.dir/build.make:70: CMakeFiles/ament_cmake_python_symlink_turtlesim] Error 1
[20.767s] gmake[1]: *** [CMakeFiles/Makefile2:429: CMakeFiles/ament_cmake_python_symlink_turtlesim.dir/all] Error 2
[20.768s] gmake[1]: *** Waiting for unfinished jobs....
[20.946s] [35m[1mConsolidate compiler generated dependencies of target turtlesim__rosidl_generator_c[0m
[20.970s] [  1%] Built target turtlesim__cpp
[21.257s] [ 11%] Built target turtlesim__rosidl_generator_c
[21.258s] gmake: *** [Makefile:146: all] Error 2
[21.260s] Invoked command in '/workspaces/ros2/ros2_ws/build/turtlesim' returned '2': CMAKE_PREFIX_PATH=${CMAKE_PREFIX_PATH}:/workspaces/ros2/ros2_ws/install/py_srvcli:/workspaces/ros2/ros2_ws/install/py_pubsub:/workspaces/ros2/ros2_ws/install/my_robot_controller:/workspaces/ros2/ros2_ws/install/my_package:/opt/ros/humble /usr/bin/cmake --build /workspaces/ros2/ros2_ws/build/turtlesim -- -j16 -l16
